Using pre-set license
Built from '2020.3/staging' branch; Version is '2020.3.9f1 (108be757e447) revision 1084391'; Using compiler version '192528614'; Build Type 'Release'
OS: 'Windows 10 Home Single Language; OS build 19042.1237; Version 2009; 64bit' Language: 'en' Physical Memory: 16205 MB
BatchMode: 1, IsHumanControllingUs: 0, StartBugReporterOnCrash: 0, Is64bit: 1, IsPro: 0

 COMMAND LINE ARGUMENTS:
C:\Program Files\Unity\Hub\Editor\2020.3.9f1\Editor\Unity.exe
-adb2
-batchMode
-noUpm
-name
AssetImportWorker0
-projectPath
D:/Unity projects/SLIIT-V2
-logFile
Logs/AssetImportWorker0.log
-srvPort
61853
Successfully changed project path to: D:/Unity projects/SLIIT-V2
D:/Unity projects/SLIIT-V2
Using Asset Import Pipeline V2.
Refreshing native plugins compatible for Editor in 90.83 ms, found 0 plugins.
Preloading 0 native plugins for Editor in 0.00 ms.
Initialize engine version: 2020.3.9f1 (108be757e447)
[Subsystems] Discovering subsystems at path C:/Program Files/Unity/Hub/Editor/2020.3.9f1/Editor/Data/Resources/UnitySubsystems
[Subsystems] Discovering subsystems at path D:/Unity projects/SLIIT-V2/Assets
GfxDevice: creating device client; threaded=0
Direct3D:
    Version:  Direct3D 11.0 [level 11.1]
    Renderer: NVIDIA GeForce GTX 1650 with Max-Q Design (ID=0x1f99)
    Vendor:   
    VRAM:     3962 MB
    Driver:   27.21.14.6221
Initialize mono
Mono path[0] = 'C:/Program Files/Unity/Hub/Editor/2020.3.9f1/Editor/Data/Managed'
Mono path[1] = 'C:/Program Files/Unity/Hub/Editor/2020.3.9f1/Editor/Data/MonoBleedingEdge/lib/mono/unityjit'
Mono config path = 'C:/Program Files/Unity/Hub/Editor/2020.3.9f1/Editor/Data/MonoBleedingEdge/etc'
Using monoOptions --debugger-agent=transport=dt_socket,embedding=1,server=y,suspend=n,address=127.0.0.1:56616
Begin MonoManager ReloadAssembly
Registering precompiled unity dll's ...
Register platform support module: C:/Program Files/Unity/Hub/Editor/2020.3.9f1/Editor/Data/PlaybackEngines/WebGLSupport/UnityEditor.WebGL.Extensions.dll
Register platform support module: C:/Program Files/Unity/Hub/Editor/2020.3.9f1/Editor/Data/PlaybackEngines/WindowsStandaloneSupport/UnityEditor.WindowsStandalone.Extensions.dll
Registered in 0.003321 seconds.
Native extension for WindowsStandalone target not found
Native extension for WebGL target not found
Refreshing native plugins compatible for Editor in 53.08 ms, found 0 plugins.
Preloading 0 native plugins for Editor in 0.00 ms.
Mono: successfully reloaded assembly
- Completed reload, in  1.451 seconds
Platform modules already initialized, skipping
Registering precompiled user dll's ...
Registered in 0.001554 seconds.
Begin MonoManager ReloadAssembly
Native extension for WindowsStandalone target not found
Native extension for WebGL target not found
Refreshing native plugins compatible for Editor in 0.73 ms, found 0 plugins.
Preloading 0 native plugins for Editor in 0.00 ms.
Mono: successfully reloaded assembly
- Completed reload, in  1.128 seconds
Platform modules already initialized, skipping
========================================================================
Worker process is ready to serve import requests
Launched and connected shader compiler UnityShaderCompiler.exe after 0.05 seconds
Refreshing native plugins compatible for Editor in 0.86 ms, found 0 plugins.
Preloading 0 native plugins for Editor in 0.00 ms.
Unloading 2143 Unused Serialized files (Serialized files now loaded: 0)
System memory in use before: 92.4 MB.
System memory in use after: 92.4 MB.

Unloading 115 unused Assets to reduce memory usage. Loaded Objects now: 2555.
Total: 6.825800 ms (FindLiveObjects: 0.323200 ms CreateObjectMapping: 0.145000 ms MarkObjects: 6.114400 ms  DeleteObjects: 0.241800 ms)

========================================================================
Received Import Request.
  path: Assets/udayanga.prefab
  artifactKey: Guid(a22bc468e31725a498e55984c8b52d4c) Importer(815301076,1909f56bfc062723c751e8b465ee728b)
Start importing Assets/udayanga.prefab using Guid(a22bc468e31725a498e55984c8b52d4c) Importer(815301076,1909f56bfc062723c751e8b465ee728b)  -> (artifact id: '182c95317aadeff6dcae2708722010e6') in 0.077074 seconds
  Import took 0.083893 seconds .

========================================================================
Received Import Request.
  Time since last request: 13.142001 seconds.
  path: Assets/udayanga.prefab
  artifactKey: Guid(a22bc468e31725a498e55984c8b52d4c) Importer(815301076,1909f56bfc062723c751e8b465ee728b)
Start importing Assets/udayanga.prefab using Guid(a22bc468e31725a498e55984c8b52d4c) Importer(815301076,1909f56bfc062723c751e8b465ee728b)  -> (artifact id: '38cf031d034ea693ede2696ab3b9be1a') in 0.012033 seconds
  Import took 0.070157 seconds .

========================================================================
Received Import Request.
  Time since last request: 205.202065 seconds.
  path: Assets/Books
  artifactKey: Guid(6a844220c4b4861488587fd39b3e2c24) Importer(815301076,1909f56bfc062723c751e8b465ee728b)
Start importing Assets/Books using Guid(6a844220c4b4861488587fd39b3e2c24) Importer(815301076,1909f56bfc062723c751e8b465ee728b)  -> (artifact id: '8b42fee4dbeb412caa84b1e56cb4a7c0') in 0.008400 seconds
  Import took 0.088145 seconds .

========================================================================
Received Import Request.
  Time since last request: 0.000310 seconds.
  path: Assets/Books/35434950776e574f5671575366556849655366416b513d3d.jpg
  artifactKey: Guid(bcc24e023d3a55446961179322432c41) Importer(815301076,1909f56bfc062723c751e8b465ee728b)
Start importing Assets/Books/35434950776e574f5671575366556849655366416b513d3d.jpg using Guid(bcc24e023d3a55446961179322432c41) Importer(815301076,1909f56bfc062723c751e8b465ee728b)  -> (artifact id: '456e30a06e4902d97bc2c4d2f893af9a') in 0.088377 seconds
  Import took 0.166225 seconds .

========================================================================
Received Import Request.
  Time since last request: 0.000191 seconds.
  path: Assets/Books/41z1V0zP2WL.jpg
  artifactKey: Guid(b13533769e8984b4ba647b3776271777) Importer(815301076,1909f56bfc062723c751e8b465ee728b)
Start importing Assets/Books/41z1V0zP2WL.jpg using Guid(b13533769e8984b4ba647b3776271777) Importer(815301076,1909f56bfc062723c751e8b465ee728b)  -> (artifact id: 'ad9dbebe3315008274ca757b2d2efc36') in 0.022762 seconds
  Import took 0.090089 seconds .

========================================================================
Received Import Request.
  Time since last request: 0.000144 seconds.
  path: Assets/Books/textture.png
  artifactKey: Guid(b6cd1ae57b08b794f8895f20ce7460e8) Importer(815301076,1909f56bfc062723c751e8b465ee728b)
Start importing Assets/Books/textture.png using Guid(b6cd1ae57b08b794f8895f20ce7460e8) Importer(815301076,1909f56bfc062723c751e8b465ee728b)  -> (artifact id: 'ff2cb66aff37b82c7c1ecaf3227049d7') in 0.011694 seconds
  Import took 0.084183 seconds .

========================================================================
Received Import Request.
  Time since last request: 0.000194 seconds.
  path: Assets/Books/516LBMUyGQL._SX331_BO1,204,203,200_.jpg
  artifactKey: Guid(073a7a7ebe5f8cb49bd55ba16600d924) Importer(815301076,1909f56bfc062723c751e8b465ee728b)
Start importing Assets/Books/516LBMUyGQL._SX331_BO1,204,203,200_.jpg using Guid(073a7a7ebe5f8cb49bd55ba16600d924) Importer(815301076,1909f56bfc062723c751e8b465ee728b)  -> (artifact id: 'ae4188eb70ac76f03c122dabb14e6335') in 0.021208 seconds
  Import took 0.053377 seconds .

========================================================================
Received Import Request.
  Time since last request: 0.000445 seconds.
  path: Assets/Books/Button_template.prefab
  artifactKey: Guid(b89050e02856535469bb081644539b08) Importer(815301076,1909f56bfc062723c751e8b465ee728b)
Start importing Assets/Books/Button_template.prefab using Guid(b89050e02856535469bb081644539b08) Importer(815301076,1909f56bfc062723c751e8b465ee728b)  -> (artifact id: '58211e2f34168ce8d8e6495d7a72dc6c') in 0.011296 seconds
  Import took 0.046678 seconds .

========================================================================
Received Import Request.
  Time since last request: 0.000260 seconds.
  path: Assets/Books/51NB1q-z7pL._SL500_.jpg
  artifactKey: Guid(21969616a86867c47afbfeb166b7b347) Importer(815301076,1909f56bfc062723c751e8b465ee728b)
Start importing Assets/Books/51NB1q-z7pL._SL500_.jpg using Guid(21969616a86867c47afbfeb166b7b347) Importer(815301076,1909f56bfc062723c751e8b465ee728b)  -> (artifact id: '54d1b7290bbc61206e06c01828e49e68') in 0.019624 seconds
  Import took 0.123251 seconds .

========================================================================
Received Import Request.
  Time since last request: 0.000181 seconds.
  path: Assets/Books/New Material.mat
  artifactKey: Guid(490fe1c9bfa46ee40940f4e0098b9e16) Importer(815301076,1909f56bfc062723c751e8b465ee728b)
Start importing Assets/Books/New Material.mat using Guid(490fe1c9bfa46ee40940f4e0098b9e16) Importer(815301076,1909f56bfc062723c751e8b465ee728b)  -> (artifact id: 'b645b3372f20e6ca84831965a2dc71b3') in 0.088114 seconds
  Import took 0.153455 seconds .

========================================================================
Received Import Request.
  Time since last request: 0.000192 seconds.
  path: Assets/Books/Button_template 1.prefab
  artifactKey: Guid(72d064056a6db954d9e3ec11bf80aa03) Importer(815301076,1909f56bfc062723c751e8b465ee728b)
Start importing Assets/Books/Button_template 1.prefab using Guid(72d064056a6db954d9e3ec11bf80aa03) Importer(815301076,1909f56bfc062723c751e8b465ee728b)  -> (artifact id: 'e75ac9a489b0c891b8704eac3d7d8a12') in 0.008969 seconds
  Import took 0.074334 seconds .

========================================================================
Received Import Request.
  Time since last request: 0.000251 seconds.
  path: Assets/Books/get_Author.prefab
  artifactKey: Guid(4a9ca37e535603347a87bc8f493b56a5) Importer(815301076,1909f56bfc062723c751e8b465ee728b)
Start importing Assets/Books/get_Author.prefab using Guid(4a9ca37e535603347a87bc8f493b56a5) Importer(815301076,1909f56bfc062723c751e8b465ee728b)  -> (artifact id: '3bac8ab699296ac059d3247f21c07399') in 0.007952 seconds
  Import took 0.057074 seconds .

========================================================================
Received Import Request.
  Time since last request: 0.000408 seconds.
  path: Assets/Books/Asset 3.png
  artifactKey: Guid(98db03e64e7e07f4e9f129e37af04b74) Importer(815301076,1909f56bfc062723c751e8b465ee728b)
Start importing Assets/Books/Asset 3.png using Guid(98db03e64e7e07f4e9f129e37af04b74) Importer(815301076,1909f56bfc062723c751e8b465ee728b)  -> (artifact id: '1aa6f6eea0145c54cbe237ef175df8a6') in 0.023867 seconds
  Import took 0.067257 seconds .

========================================================================
Received Import Request.
  Time since last request: 0.000185 seconds.
  path: Assets/Books/catogory 01.prefab
  artifactKey: Guid(85a79e7bda5fc754394b6adc3be38b84) Importer(815301076,1909f56bfc062723c751e8b465ee728b)
Start importing Assets/Books/catogory 01.prefab using Guid(85a79e7bda5fc754394b6adc3be38b84) Importer(815301076,1909f56bfc062723c751e8b465ee728b)  -> (artifact id: '8d40f9efe42e0b81f3d23271647782dc') in 0.019116 seconds
  Import took 0.068476 seconds .

========================================================================
Received Import Request.
  Time since last request: 0.000169 seconds.
  path: Assets/Books/Great-Expectations-Book-Kindle-Edition-by-Charles-Dickens.jpg
  artifactKey: Guid(b21e79e1319bcf741ab18457ea2572f2) Importer(815301076,1909f56bfc062723c751e8b465ee728b)
Start importing Assets/Books/Great-Expectations-Book-Kindle-Edition-by-Charles-Dickens.jpg using Guid(b21e79e1319bcf741ab18457ea2572f2) Importer(815301076,1909f56bfc062723c751e8b465ee728b)  -> (artifact id: 'a7c3d2357a7489b4280b745aa7daeb8c') in 0.024266 seconds
  Import took 0.074949 seconds .

========================================================================
Received Import Request.
  Time since last request: 9.452151 seconds.
  path: Assets/Books/Materials
  artifactKey: Guid(ff76bfb6054eb2b4da1aa651403328fe) Importer(815301076,1909f56bfc062723c751e8b465ee728b)
Start importing Assets/Books/Materials using Guid(ff76bfb6054eb2b4da1aa651403328fe) Importer(815301076,1909f56bfc062723c751e8b465ee728b)  -> (artifact id: '70a7a9143284952e6387d9a6baf9cf85') in 0.006843 seconds
  Import took 0.062299 seconds .

========================================================================
Received Import Request.
  Time since last request: 0.000146 seconds.
  path: Assets/Books/Materials/textture.mat
  artifactKey: Guid(8ecbeb259cc55cf47b755651e328a995) Importer(815301076,1909f56bfc062723c751e8b465ee728b)
Start importing Assets/Books/Materials/textture.mat using Guid(8ecbeb259cc55cf47b755651e328a995) Importer(815301076,1909f56bfc062723c751e8b465ee728b)  -> (artifact id: '954a7bd99e045e5c568ade7b3017a512') in 0.011838 seconds
  Import took 0.076897 seconds .

========================================================================
Received Import Request.
  Time since last request: 41.282926 seconds.
  path: Assets/Models
  artifactKey: Guid(f431e8a203cc8174fbc3ec90726a08a9) Importer(815301076,1909f56bfc062723c751e8b465ee728b)
Start importing Assets/Models using Guid(f431e8a203cc8174fbc3ec90726a08a9) Importer(815301076,1909f56bfc062723c751e8b465ee728b)  -> (artifact id: '726b6e0c940a0bf60c9742c6995e6165') in 0.012011 seconds
  Import took 0.045885 seconds .

========================================================================
Received Import Request.
  Time since last request: 0.052743 seconds.
  path: Assets/Models/0139_fbx.fbx
  artifactKey: Guid(c80e83dbdadcad84cb26162077e23e29) Importer(815301076,1909f56bfc062723c751e8b465ee728b)
Start importing Assets/Models/0139_fbx.fbx using Guid(c80e83dbdadcad84cb26162077e23e29) Importer(815301076,1909f56bfc062723c751e8b465ee728b)  -> (artifact id: 'f3784f1fc6317dbfc81b0fe560125f43') in 0.089743 seconds
  Import took 0.108016 seconds .

========================================================================
Received Import Request.
  Time since last request: 0.000276 seconds.
  path: Assets/Models/keyboardModel.fbx
  artifactKey: Guid(6551730b3ac2bc44a8e4f4d3941972ba) Importer(815301076,1909f56bfc062723c751e8b465ee728b)
Start importing Assets/Models/keyboardModel.fbx using Guid(6551730b3ac2bc44a8e4f4d3941972ba) Importer(815301076,1909f56bfc062723c751e8b465ee728b)  -> (artifact id: 'cf53f2df5442136264436256444ceeb4') in 0.309829 seconds
  Import took 0.425588 seconds .

========================================================================
Received Import Request.
  Time since last request: 0.000152 seconds.
  path: Assets/Models/Library table.prefab
  artifactKey: Guid(94fddeab9a9f2fb4e92c598b2f11207e) Importer(815301076,1909f56bfc062723c751e8b465ee728b)
Start importing Assets/Models/Library table.prefab using Guid(94fddeab9a9f2fb4e92c598b2f11207e) Importer(815301076,1909f56bfc062723c751e8b465ee728b)  -> (artifact id: '8f967353226bb354738f3eb0485e0789') in 0.013558 seconds
  Import took 0.018819 seconds .

========================================================================
Received Import Request.
  Time since last request: 0.000180 seconds.
  path: Assets/Models/librarytable.fbx
  artifactKey: Guid(80fc8c86fcafa2443b30909d47197b6b) Importer(815301076,1909f56bfc062723c751e8b465ee728b)
Start importing Assets/Models/librarytable.fbx using Guid(80fc8c86fcafa2443b30909d47197b6b) Importer(815301076,1909f56bfc062723c751e8b465ee728b)  -> (artifact id: '94d4ecf87012ff78a6c56f6aac073a29') in 0.035002 seconds
  Import took 0.040945 seconds .

========================================================================
Received Import Request.
  Time since last request: 0.000361 seconds.
  path: Assets/Models/door.blend
  artifactKey: Guid(7fed7c734a0ddd348869c55f832ea82a) Importer(815301076,1909f56bfc062723c751e8b465ee728b)
Start importing Assets/Models/door.blend using Guid(7fed7c734a0ddd348869c55f832ea82a) Importer(815301076,1909f56bfc062723c751e8b465ee728b)  -> (artifact id: 'ee4def8bf85ff7bf535f07d48c8ff02f') in 0.153930 seconds
  Import took 0.203336 seconds .

========================================================================
Received Import Request.
  Time since last request: 0.000159 seconds.
  path: Assets/Models/mouseModel.fbx
  artifactKey: Guid(a1e17636ed4f51c4a851e0df57e9c909) Importer(815301076,1909f56bfc062723c751e8b465ee728b)
Start importing Assets/Models/mouseModel.fbx using Guid(a1e17636ed4f51c4a851e0df57e9c909) Importer(815301076,1909f56bfc062723c751e8b465ee728b)  -> (artifact id: 'c581353fa513eaaf736589b7ab24aadd') in 0.068424 seconds
  Import took 0.097458 seconds .

========================================================================
Received Import Request.
  Time since last request: 0.000202 seconds.
  path: Assets/Models/arrow.FBX
  artifactKey: Guid(d7021c605b447364693711eacdecb7c8) Importer(815301076,1909f56bfc062723c751e8b465ee728b)
Start importing Assets/Models/arrow.FBX using Guid(d7021c605b447364693711eacdecb7c8) Importer(815301076,1909f56bfc062723c751e8b465ee728b)  -> (artifact id: 'fd627b25b806cc72fa5ed4c7c53c05a8') in 0.029442 seconds
  Import took 0.068126 seconds .

========================================================================
Received Import Request.
  Time since last request: 0.000209 seconds.
  path: Assets/Models/round table.fbx
  artifactKey: Guid(d8983ec8ad2be3e4f86dbcc295e3a425) Importer(815301076,1909f56bfc062723c751e8b465ee728b)
Start importing Assets/Models/round table.fbx using Guid(d8983ec8ad2be3e4f86dbcc295e3a425) Importer(815301076,1909f56bfc062723c751e8b465ee728b)  -> (artifact id: '219edc165fcad7731b6444f81071e65e') in 0.025402 seconds
  Import took 0.114867 seconds .

========================================================================
Received Import Request.
  Time since last request: 0.000267 seconds.
  path: Assets/Models/emptycupboard.fbx
  artifactKey: Guid(a3afc3e0ab3aff04a9c807bf8fc5925d) Importer(815301076,1909f56bfc062723c751e8b465ee728b)
Start importing Assets/Models/emptycupboard.fbx using Guid(a3afc3e0ab3aff04a9c807bf8fc5925d) Importer(815301076,1909f56bfc062723c751e8b465ee728b)  -> (artifact id: '757a8919c37ddab0b0df23f213476af6') in 0.078891 seconds
  Import took 0.083969 seconds .

========================================================================
Received Import Request.
  Time since last request: 0.000235 seconds.
  path: Assets/Models/frontTableV4.fbx
  artifactKey: Guid(5c89f555903c0cb49bfbb764e4d95b53) Importer(815301076,1909f56bfc062723c751e8b465ee728b)
Start importing Assets/Models/frontTableV4.fbx using Guid(5c89f555903c0cb49bfbb764e4d95b53) Importer(815301076,1909f56bfc062723c751e8b465ee728b)  -> (artifact id: 'b055adaf4ba0a8ba697865fd5506a59a') in 0.026198 seconds
  Import took 0.079038 seconds .

========================================================================
Received Import Request.
  Time since last request: 0.000187 seconds.
  path: Assets/Models/SLIIT-env.fbx
  artifactKey: Guid(d57098897277e3646920135632f1d03f) Importer(815301076,1909f56bfc062723c751e8b465ee728b)
Start importing Assets/Models/SLIIT-env.fbx using Guid(d57098897277e3646920135632f1d03f) Importer(815301076,1909f56bfc062723c751e8b465ee728b)  -> (artifact id: '4e1ab859cf83cd3880df9c193eb0e21e') in 1.198495 seconds
  Import took 1.259995 seconds .

========================================================================
Received Import Request.
  Time since last request: 0.000196 seconds.
  path: Assets/Models/cornerTable.fbx
  artifactKey: Guid(3047b30d00b03514a87810b82df37697) Importer(815301076,1909f56bfc062723c751e8b465ee728b)
Start importing Assets/Models/cornerTable.fbx using Guid(3047b30d00b03514a87810b82df37697) Importer(815301076,1909f56bfc062723c751e8b465ee728b)  -> (artifact id: 'edf7bc56a43baa2d4c382a55f9793b8f') in 0.057159 seconds
  Import took 0.061277 seconds .

========================================================================
Received Import Request.
  Time since last request: 0.000210 seconds.
  path: Assets/Models/Library table.fbx
  artifactKey: Guid(42bce6c82bf9a744f95e5419fda78541) Importer(815301076,1909f56bfc062723c751e8b465ee728b)
Start importing Assets/Models/Library table.fbx using Guid(42bce6c82bf9a744f95e5419fda78541) Importer(815301076,1909f56bfc062723c751e8b465ee728b)  -> (artifact id: '776c4a0129cbab062d394f38cb34920f') in 0.079218 seconds
  Import took 0.153437 seconds .

========================================================================
Received Import Request.
  Time since last request: 0.000186 seconds.
  path: Assets/Models/chair.prefab
  artifactKey: Guid(4a41a7be5e106b9408c4415c20612aa8) Importer(815301076,1909f56bfc062723c751e8b465ee728b)
Start importing Assets/Models/chair.prefab using Guid(4a41a7be5e106b9408c4415c20612aa8) Importer(815301076,1909f56bfc062723c751e8b465ee728b)  -> (artifact id: 'd06a00827bae8df9435ee025d3c3bfbb') in 0.018085 seconds
  Import took 0.046948 seconds .

========================================================================
Received Import Request.
  Time since last request: 0.000231 seconds.
  path: Assets/Models/cupboardSet.fbx
  artifactKey: Guid(c5c95b96f0072e64ab54bf68190454d3) Importer(815301076,1909f56bfc062723c751e8b465ee728b)
Start importing Assets/Models/cupboardSet.fbx using Guid(c5c95b96f0072e64ab54bf68190454d3) Importer(815301076,1909f56bfc062723c751e8b465ee728b)  -> (artifact id: '5c18d0534cab84ece0b51fcf57ad6450') in 0.095238 seconds
  Import took 0.124641 seconds .

========================================================================
Received Import Request.
  Time since last request: 0.000166 seconds.
  path: Assets/Models/SliitLogo.blend
  artifactKey: Guid(5ecb664a07ce1e9489ef3dd4101c1fa7) Importer(815301076,1909f56bfc062723c751e8b465ee728b)
Start importing Assets/Models/SliitLogo.blend using Guid(5ecb664a07ce1e9489ef3dd4101c1fa7) Importer(815301076,1909f56bfc062723c751e8b465ee728b)  -> (artifact id: '4739384113c5fa89bceba050994cb232') in 0.047569 seconds
  Import took 0.096590 seconds .

========================================================================
Received Import Request.
  Time since last request: 0.000290 seconds.
  path: Assets/Models/tallcupboardv2.fbx
  artifactKey: Guid(a028f8602d73c24449f6a4404ba71ef3) Importer(815301076,1909f56bfc062723c751e8b465ee728b)
Start importing Assets/Models/tallcupboardv2.fbx using Guid(a028f8602d73c24449f6a4404ba71ef3) Importer(815301076,1909f56bfc062723c751e8b465ee728b)  -> (artifact id: 'e7099581327852eed489df071f1ec120') in 0.027490 seconds
  Import took 0.032744 seconds .

========================================================================
Received Import Request.
  Time since last request: 3.663831 seconds.
  path: Assets/prefabs
  artifactKey: Guid(cda2b8371df1192439681873f845db91) Importer(815301076,1909f56bfc062723c751e8b465ee728b)
Start importing Assets/prefabs using Guid(cda2b8371df1192439681873f845db91) Importer(815301076,1909f56bfc062723c751e8b465ee728b)  -> (artifact id: '71333b13bc562632854705404ad9a830') in 0.009717 seconds
  Import took 0.067561 seconds .

========================================================================
Received Import Request.
  Time since last request: 0.053825 seconds.
  path: Assets/prefabs/backdesk.mat
  artifactKey: Guid(15918b0623a63994abd9dff6be3532a6) Importer(815301076,1909f56bfc062723c751e8b465ee728b)
Start importing Assets/prefabs/backdesk.mat using Guid(15918b0623a63994abd9dff6be3532a6) Importer(815301076,1909f56bfc062723c751e8b465ee728b)  -> (artifact id: 'a92404f510f53cdaa8b92649b1e8cec4') in 0.011161 seconds
  Import took 0.014673 seconds .

========================================================================
Received Import Request.
  Time since last request: 0.000174 seconds.
  path: Assets/prefabs/ChairBottom.mat
  artifactKey: Guid(822b9a2260161834e9b40897f95d2d0d) Importer(815301076,1909f56bfc062723c751e8b465ee728b)
Start importing Assets/prefabs/ChairBottom.mat using Guid(822b9a2260161834e9b40897f95d2d0d) Importer(815301076,1909f56bfc062723c751e8b465ee728b)  -> (artifact id: '298e27d26c107790e930b3957224621a') in 0.029892 seconds
  Import took 0.033190 seconds .

========================================================================
Received Import Request.
  Time since last request: 0.000162 seconds.
  path: Assets/prefabs/computer_trigger Variant.prefab
  artifactKey: Guid(73035321267e3f442bab84aa19b96380) Importer(815301076,1909f56bfc062723c751e8b465ee728b)
Start importing Assets/prefabs/computer_trigger Variant.prefab using Guid(73035321267e3f442bab84aa19b96380) Importer(815301076,1909f56bfc062723c751e8b465ee728b)  -> (artifact id: 'eaee0a786346c53bace9418298da3f94') in 0.021164 seconds
  Import took 0.024361 seconds .

========================================================================
Received Import Request.
  Time since last request: 0.000159 seconds.
  path: Assets/prefabs/Cube.prefab
  artifactKey: Guid(582d45659e50e3d4cb6825a2db3a3189) Importer(815301076,1909f56bfc062723c751e8b465ee728b)
Start importing Assets/prefabs/Cube.prefab using Guid(582d45659e50e3d4cb6825a2db3a3189) Importer(815301076,1909f56bfc062723c751e8b465ee728b)  -> (artifact id: '2884095cf7a835d1f02888f1e99111e0') in 0.024306 seconds
  Import took 0.071321 seconds .

========================================================================
Received Import Request.
  Time since last request: 0.000180 seconds.
  path: Assets/prefabs/iconMat.mat
  artifactKey: Guid(565302a9aa13dd54d8aa7e1d9530ef1e) Importer(815301076,1909f56bfc062723c751e8b465ee728b)
Start importing Assets/prefabs/iconMat.mat using Guid(565302a9aa13dd54d8aa7e1d9530ef1e) Importer(815301076,1909f56bfc062723c751e8b465ee728b)  -> (artifact id: 'b899dd3c6b32a14d46278709a7f0419a') in 0.014421 seconds
  Import took 0.043317 seconds .

========================================================================
Received Import Request.
  Time since last request: 0.000369 seconds.
  path: Assets/prefabs/uploads_files_910516_Arne7.obj
  artifactKey: Guid(9bfd246d7b9fd184d9a6483a2a2a22b5) Importer(815301076,1909f56bfc062723c751e8b465ee728b)
Start importing Assets/prefabs/uploads_files_910516_Arne7.obj using Guid(9bfd246d7b9fd184d9a6483a2a2a22b5) Importer(815301076,1909f56bfc062723c751e8b465ee728b)  -> (artifact id: 'fac4794dd52d1981a5eb82823c44ec76') in 0.307098 seconds
  Import took 0.363755 seconds .

========================================================================
Received Import Request.
  Time since last request: 0.000193 seconds.
  path: Assets/prefabs/white.png
  artifactKey: Guid(8bade8b0a33d46248bcd1f23f0ca89d6) Importer(815301076,1909f56bfc062723c751e8b465ee728b)
Start importing Assets/prefabs/white.png using Guid(8bade8b0a33d46248bcd1f23f0ca89d6) Importer(815301076,1909f56bfc062723c751e8b465ee728b)  -> (artifact id: '468e57e32efd55c8281ab91a5e04bfe3') in 0.048062 seconds
  Import took 0.053404 seconds .

========================================================================
Received Import Request.
  Time since last request: 0.000348 seconds.
  path: Assets/prefabs/yellow.png
  artifactKey: Guid(f6e56e56d5771324abcec9fbb7e72276) Importer(815301076,1909f56bfc062723c751e8b465ee728b)
Start importing Assets/prefabs/yellow.png using Guid(f6e56e56d5771324abcec9fbb7e72276) Importer(815301076,1909f56bfc062723c751e8b465ee728b)  -> (artifact id: '98cc3fe935b8fea123f06e2ab38edf6f') in 0.090362 seconds
  Import took 0.118657 seconds .

========================================================================
Received Import Request.
  Time since last request: 0.000578 seconds.
  path: Assets/prefabs/RotatingDoor.prefab
  artifactKey: Guid(a1a4fc4242680a2448013bec3bfe37c1) Importer(815301076,1909f56bfc062723c751e8b465ee728b)
Start importing Assets/prefabs/RotatingDoor.prefab using Guid(a1a4fc4242680a2448013bec3bfe37c1) Importer(815301076,1909f56bfc062723c751e8b465ee728b)  -> (artifact id: '9700cb55e8cf3e6f4f9b5083b982b4ad') in 0.017935 seconds
  Import took 0.023630 seconds .

========================================================================
Received Import Request.
  Time since last request: 0.000187 seconds.
  path: Assets/prefabs/frontDesk.mat
  artifactKey: Guid(bc973deb49c3a1642bb8487236afc24e) Importer(815301076,1909f56bfc062723c751e8b465ee728b)
Start importing Assets/prefabs/frontDesk.mat using Guid(bc973deb49c3a1642bb8487236afc24e) Importer(815301076,1909f56bfc062723c751e8b465ee728b)  -> (artifact id: '4dc0305a77740390f2a52dd51bdcf054') in 0.019594 seconds
  Import took 0.025866 seconds .

========================================================================
Received Import Request.
  Time since last request: 0.000227 seconds.
  path: Assets/prefabs/info sign.obj
  artifactKey: Guid(4528f2c228e1abf46b510912bd56fcc5) Importer(815301076,1909f56bfc062723c751e8b465ee728b)
Start importing Assets/prefabs/info sign.obj using Guid(4528f2c228e1abf46b510912bd56fcc5) Importer(815301076,1909f56bfc062723c751e8b465ee728b)  -> (artifact id: 'e4b24401d2bdb744f6bfbeb8d7b0048e') in 0.054524 seconds
  Import took 0.084510 seconds .

========================================================================
Received Import Request.
  Time since last request: 0.000253 seconds.
  path: Assets/prefabs/inside.mat
  artifactKey: Guid(298306d1c2610f74a8440f649f247146) Importer(815301076,1909f56bfc062723c751e8b465ee728b)
Start importing Assets/prefabs/inside.mat using Guid(298306d1c2610f74a8440f649f247146) Importer(815301076,1909f56bfc062723c751e8b465ee728b)  -> (artifact id: 'ef7e66b92073d9e82ffe97b7d17f160a') in 0.114362 seconds
  Import took 0.121102 seconds .

========================================================================
Received Import Request.
  Time since last request: 0.000238 seconds.
  path: Assets/prefabs/frontTableV4.prefab
  artifactKey: Guid(25e1f83fcee4b55479a46d2c746f42bb) Importer(815301076,1909f56bfc062723c751e8b465ee728b)
Start importing Assets/prefabs/frontTableV4.prefab using Guid(25e1f83fcee4b55479a46d2c746f42bb) Importer(815301076,1909f56bfc062723c751e8b465ee728b)  -> (artifact id: 'a3b67e219ee2cc1d8e19f53daf92417f') in 0.015637 seconds
  Import took 0.022368 seconds .

========================================================================
Received Import Request.
  Time since last request: 0.000281 seconds.
  path: Assets/prefabs/blue.png
  artifactKey: Guid(4353661880febd24f97a8593f7414db8) Importer(815301076,1909f56bfc062723c751e8b465ee728b)
Start importing Assets/prefabs/blue.png using Guid(4353661880febd24f97a8593f7414db8) Importer(815301076,1909f56bfc062723c751e8b465ee728b)  -> (artifact id: '8bc99b4c1f519cfdcdb808b79cbc87dc') in 0.020705 seconds
  Import took 0.057973 seconds .

========================================================================
Received Import Request.
  Time since last request: 0.000284 seconds.
  path: Assets/prefabs/ChairTop.mat
  artifactKey: Guid(182be702fbcaa614cb5d77d5223d308c) Importer(815301076,1909f56bfc062723c751e8b465ee728b)
Start importing Assets/prefabs/ChairTop.mat using Guid(182be702fbcaa614cb5d77d5223d308c) Importer(815301076,1909f56bfc062723c751e8b465ee728b)  -> (artifact id: 'fe56b0cce48fda0d5894b2140916cbe3') in 0.018777 seconds
  Import took 0.024155 seconds .

========================================================================
Received Import Request.
  Time since last request: 0.000680 seconds.
  path: Assets/prefabs/round table.prefab
  artifactKey: Guid(4f6ed90a91c817045828a1cbeb1a3eb1) Importer(815301076,1909f56bfc062723c751e8b465ee728b)
Start importing Assets/prefabs/round table.prefab using Guid(4f6ed90a91c817045828a1cbeb1a3eb1) Importer(815301076,1909f56bfc062723c751e8b465ee728b)  -> (artifact id: 'd176ffeb94d1417816794e5b9366f5a1') in 0.016622 seconds
  Import took 0.025965 seconds .

========================================================================
Received Import Request.
  Time since last request: 22.059663 seconds.
  path: Assets/AssetStoreOriginals/_SNAPS_PrototypingAssets/ModernOffice_Interior/Prefabs/Props/Meshes/AirDuct_01_Corner_Collider.asset
  artifactKey: Guid(f2211dd587b1cf64d8afb8cc257c51ec) Importer(815301076,1909f56bfc062723c751e8b465ee728b)
Start importing Assets/AssetStoreOriginals/_SNAPS_PrototypingAssets/ModernOffice_Interior/Prefabs/Props/Meshes/AirDuct_01_Corner_Collider.asset using Guid(f2211dd587b1cf64d8afb8cc257c51ec) Importer(815301076,1909f56bfc062723c751e8b465ee728b)  -> (artifact id: '55280281fd71cb74d82435b27e749950') in 0.077358 seconds
  Import took 0.080673 seconds .

========================================================================
Received Import Request.
  Time since last request: 0.000225 seconds.
  path: Assets/QA_Books/Textures/BooksA_bc.tga
  artifactKey: Guid(f0e44eb8f2942b9408ac537a26b9f908) Importer(815301076,1909f56bfc062723c751e8b465ee728b)
Start importing Assets/QA_Books/Textures/BooksA_bc.tga using Guid(f0e44eb8f2942b9408ac537a26b9f908) Importer(815301076,1909f56bfc062723c751e8b465ee728b)  -> (artifact id: '2a1e659cbcd037e780f5309590818e34') in 0.265784 seconds
  Import took 0.305362 seconds .

========================================================================
Received Import Request.
  Time since last request: 0.000166 seconds.
  path: Assets/images/back panel.png
  artifactKey: Guid(3b2a635c5db287d459eb792ddf5aaf4e) Importer(815301076,1909f56bfc062723c751e8b465ee728b)
Start importing Assets/images/back panel.png using Guid(3b2a635c5db287d459eb792ddf5aaf4e) Importer(815301076,1909f56bfc062723c751e8b465ee728b)  -> (artifact id: 'a7af42af371617ca84e3d9eeda151914') in 0.046545 seconds
  Import took 0.050014 seconds .

========================================================================
Received Import Request.
  Time since last request: 0.000179 seconds.
  path: Assets/Receptionist/npc/UIelements/back-panel.png
  artifactKey: Guid(794b4235c85ffc34f8ee74ca68debc21) Importer(815301076,1909f56bfc062723c751e8b465ee728b)
Start importing Assets/Receptionist/npc/UIelements/back-panel.png using Guid(794b4235c85ffc34f8ee74ca68debc21) Importer(815301076,1909f56bfc062723c751e8b465ee728b)  -> (artifact id: '23be7d248daae3719cf34e8bc7e2fd0b') in 0.014867 seconds
  Import took 0.019898 seconds .

========================================================================
Received Import Request.
  Time since last request: 0.000222 seconds.
  path: Assets/COMPUTER ui/back-panel.png
  artifactKey: Guid(2d68f6f7184256e4ba9fd216be58caa3) Importer(815301076,1909f56bfc062723c751e8b465ee728b)
Start importing Assets/COMPUTER ui/back-panel.png using Guid(2d68f6f7184256e4ba9fd216be58caa3) Importer(815301076,1909f56bfc062723c751e8b465ee728b)  -> (artifact id: 'a4d48f134437964d9f40324276bcd337') in 0.014053 seconds
  Import took 0.017604 seconds .

========================================================================
Received Import Request.
  Time since last request: 0.000169 seconds.
  path: Assets/AssetStoreOriginals/_SNAPS_PrototypingAssets/ModernOffice_Interior/Prefabs/Props/Meshes/AirDuct_01_Corner_snaps001.asset
  artifactKey: Guid(fc0b5d78437d37148ae72498507177d1) Importer(815301076,1909f56bfc062723c751e8b465ee728b)
Start importing Assets/AssetStoreOriginals/_SNAPS_PrototypingAssets/ModernOffice_Interior/Prefabs/Props/Meshes/AirDuct_01_Corner_snaps001.asset using Guid(fc0b5d78437d37148ae72498507177d1) Importer(815301076,1909f56bfc062723c751e8b465ee728b)  -> (artifact id: 'ecf4034bb4daf5199e4eea39589de96d') in 0.024877 seconds
  Import took 0.028626 seconds .

========================================================================
Received Import Request.
  Time since last request: 0.000303 seconds.
  path: Assets/AssetStoreOriginals/_SNAPS_PrototypingAssets/ModernOffice_Interior/Materials/Black_snaps001.mat
  artifactKey: Guid(8440f7c46cde87942a79d9125f40ae89) Importer(815301076,1909f56bfc062723c751e8b465ee728b)
Start importing Assets/AssetStoreOriginals/_SNAPS_PrototypingAssets/ModernOffice_Interior/Materials/Black_snaps001.mat using Guid(8440f7c46cde87942a79d9125f40ae89) Importer(815301076,1909f56bfc062723c751e8b465ee728b)  -> (artifact id: '3f1437ace4043e83a6dc3d5be2a319c7') in 0.037958 seconds
  Import took 0.089531 seconds .

========================================================================
Received Import Request.
  Time since last request: 0.000184 seconds.
  path: Assets/QA_Books/Textures/Books_bc.tga
  artifactKey: Guid(451bd5097af6eea4ea4e1f6a61620302) Importer(815301076,1909f56bfc062723c751e8b465ee728b)
Start importing Assets/QA_Books/Textures/Books_bc.tga using Guid(451bd5097af6eea4ea4e1f6a61620302) Importer(815301076,1909f56bfc062723c751e8b465ee728b)  -> (artifact id: '783504cabbb1f8358008a10f77a821bf') in 0.018954 seconds
  Import took 0.023008 seconds .

========================================================================
Received Import Request.
  Time since last request: 0.000344 seconds.
  path: Assets/AssetStoreOriginals/_SNAPS_PrototypingAssets/ModernOffice_Interior/Prefabs/Props/AirDuct_01_Corner_snaps001.prefab
  artifactKey: Guid(d296783be175704488ac6627ca10202c) Importer(815301076,1909f56bfc062723c751e8b465ee728b)
Start importing Assets/AssetStoreOriginals/_SNAPS_PrototypingAssets/ModernOffice_Interior/Prefabs/Props/AirDuct_01_Corner_snaps001.prefab using Guid(d296783be175704488ac6627ca10202c) Importer(815301076,1909f56bfc062723c751e8b465ee728b)  -> (artifact id: '47133235420b81c609a4d8137b8ec4eb') in 0.017256 seconds
  Import took 0.023988 seconds .

========================================================================
Received Import Request.
  Time since last request: 0.000186 seconds.
  path: Assets/AssetStoreOriginals/_SNAPS_PrototypingAssets/ModernOffice_Interior/Prefabs/Props/AirDuct_01_snaps001.prefab
  artifactKey: Guid(f8531c0160b625746812ddd8f8a3f1cf) Importer(815301076,1909f56bfc062723c751e8b465ee728b)
Start importing Assets/AssetStoreOriginals/_SNAPS_PrototypingAssets/ModernOffice_Interior/Prefabs/Props/AirDuct_01_snaps001.prefab using Guid(f8531c0160b625746812ddd8f8a3f1cf) Importer(815301076,1909f56bfc062723c751e8b465ee728b)  -> (artifact id: 'b727dd12798f922694cdd6bf906470fa') in 0.018072 seconds
  Import took 0.023399 seconds .

========================================================================
Received Import Request.
  Time since last request: 0.000224 seconds.
  path: Assets/AssetStoreOriginals/_SNAPS_PrototypingAssets/ModernOffice_Interior/Prefabs/Props/Meshes/AirDuct_01_snaps001.asset
  artifactKey: Guid(dc132711e5cf0d8489ca0c2edc965e27) Importer(815301076,1909f56bfc062723c751e8b465ee728b)
Start importing Assets/AssetStoreOriginals/_SNAPS_PrototypingAssets/ModernOffice_Interior/Prefabs/Props/Meshes/AirDuct_01_snaps001.asset using Guid(dc132711e5cf0d8489ca0c2edc965e27) Importer(815301076,1909f56bfc062723c751e8b465ee728b)  -> (artifact id: '3d39ef1c46f0ef5954ae93de55341f31') in 0.014576 seconds
  Import took 0.041775 seconds .

========================================================================
Received Import Request.
  Time since last request: 0.000191 seconds.
  path: Assets/Models/model mats/c127693b3af8120d642a7e3eeb3e2837.jpg
  artifactKey: Guid(e02e2a95617d7104a9d07446fe477d3b) Importer(815301076,1909f56bfc062723c751e8b465ee728b)
Start importing Assets/Models/model mats/c127693b3af8120d642a7e3eeb3e2837.jpg using Guid(e02e2a95617d7104a9d07446fe477d3b) Importer(815301076,1909f56bfc062723c751e8b465ee728b)  -> (artifact id: '3053f84e77affc7a0a460be3331b6a23') in 0.014423 seconds
  Import took 0.041936 seconds .

========================================================================
Received Import Request.
  Time since last request: 0.001132 seconds.
  path: Assets/SimpleNaturePack/Prefabs/Branch_01.prefab
  artifactKey: Guid(b9de24523a11d714db3851b5f0f9d527) Importer(815301076,1909f56bfc062723c751e8b465ee728b)
Start importing Assets/SimpleNaturePack/Prefabs/Branch_01.prefab using Guid(b9de24523a11d714db3851b5f0f9d527) Importer(815301076,1909f56bfc062723c751e8b465ee728b)  -> (artifact id: '44c7ab463417b2e99d50159ccb5ed63e') in 0.040730 seconds
  Import took 0.047025 seconds .

========================================================================
Received Import Request.
  Time since last request: 0.000264 seconds.
  path: Assets/AssetStoreOriginals/_SNAPS_PrototypingAssets/ModernOffice_Interior/Prefabs/Props/Cabinet_01_snaps001.prefab
  artifactKey: Guid(14e4e479b0ada4d49bfe66d6f080bb7c) Importer(815301076,1909f56bfc062723c751e8b465ee728b)
Start importing Assets/AssetStoreOriginals/_SNAPS_PrototypingAssets/ModernOffice_Interior/Prefabs/Props/Cabinet_01_snaps001.prefab using Guid(14e4e479b0ada4d49bfe66d6f080bb7c) Importer(815301076,1909f56bfc062723c751e8b465ee728b)  -> (artifact id: '9b635d38b9008af44790e6e1abe5be6b') in 0.017821 seconds
  Import took 0.041454 seconds .

========================================================================
Received Import Request.
  Time since last request: 0.000193 seconds.
  path: Assets/SimpleNaturePack/Models/Branch_01.fbx
  artifactKey: Guid(5528351815fd4c04abf537f22c7e18f1) Importer(815301076,1909f56bfc062723c751e8b465ee728b)
Start importing Assets/SimpleNaturePack/Models/Branch_01.fbx using Guid(5528351815fd4c04abf537f22c7e18f1) Importer(815301076,1909f56bfc062723c751e8b465ee728b)  -> (artifact id: '1934f82559091474ae7281c179012672') in 0.017767 seconds
  Import took 0.022287 seconds .

========================================================================
Received Import Request.
  Time since last request: 8.215430 seconds.
  path: Assets/AssetStoreOriginals/_SNAPS_PrototypingAssets/ModernOffice_Interior/Prefabs/Props/Meshes/Cabinet_01_snaps001.asset
  artifactKey: Guid(776defafc8618a94fa70931abf3029db) Importer(815301076,1909f56bfc062723c751e8b465ee728b)
Start importing Assets/AssetStoreOriginals/_SNAPS_PrototypingAssets/ModernOffice_Interior/Prefabs/Props/Meshes/Cabinet_01_snaps001.asset using Guid(776defafc8618a94fa70931abf3029db) Importer(815301076,1909f56bfc062723c751e8b465ee728b)  -> (artifact id: 'a642e5a69052661daa4aeced35a2e853') in 0.064307 seconds
  Import took 0.091687 seconds .

========================================================================
Received Import Request.
  Time since last request: 0.000171 seconds.
  path: Assets/Fonts/coolvetica.ttf
  artifactKey: Guid(87b3c56915b3cbe43834c2828238511f) Importer(815301076,1909f56bfc062723c751e8b465ee728b)
Start importing Assets/Fonts/coolvetica.ttf using Guid(87b3c56915b3cbe43834c2828238511f) Importer(815301076,1909f56bfc062723c751e8b465ee728b)  -> (artifact id: '0c27d4543c0bed322a70ad6a2910c382') in 0.017141 seconds
  Import took 0.022712 seconds .

========================================================================
Received Import Request.
  Time since last request: 0.000282 seconds.
  path: Assets/AssetStoreOriginals/_SNAPS_PrototypingAssets/ModernOffice_Interior/Prefabs/Props/Meshes/Cabinet_04_snaps001.asset
  artifactKey: Guid(19f4b497b820d084394e4017c9f22980) Importer(815301076,1909f56bfc062723c751e8b465ee728b)
Start importing Assets/AssetStoreOriginals/_SNAPS_PrototypingAssets/ModernOffice_Interior/Prefabs/Props/Meshes/Cabinet_04_snaps001.asset using Guid(19f4b497b820d084394e4017c9f22980) Importer(815301076,1909f56bfc062723c751e8b465ee728b)  -> (artifact id: 'e727fc89cbf08d2455e25110db255447') in 0.033599 seconds
  Import took 0.037920 seconds .

========================================================================
Received Import Request.
  Time since last request: 0.000269 seconds.
  path: Assets/AssetStoreOriginals/_SNAPS_PrototypingAssets/ModernOffice_Interior/Prefabs/Props/Cabinet_04_snaps001.prefab
  artifactKey: Guid(6ceca4d01ca8690498194787a589d0ea) Importer(815301076,1909f56bfc062723c751e8b465ee728b)
Start importing Assets/AssetStoreOriginals/_SNAPS_PrototypingAssets/ModernOffice_Interior/Prefabs/Props/Cabinet_04_snaps001.prefab using Guid(6ceca4d01ca8690498194787a589d0ea) Importer(815301076,1909f56bfc062723c751e8b465ee728b)  -> (artifact id: '2ba61eb0920d50853babc5f2cef64532') in 0.017849 seconds
  Import took 0.022287 seconds .

========================================================================
Received Import Request.
  Time since last request: 0.000192 seconds.
  path: Assets/AssetStoreOriginals/_SNAPS_PrototypingAssets/ModernOffice_Interior/Prefabs/Props/Cabinet_03_snaps001.prefab
  artifactKey: Guid(52e174db68e69754b9b080b25a308977) Importer(815301076,1909f56bfc062723c751e8b465ee728b)
Start importing Assets/AssetStoreOriginals/_SNAPS_PrototypingAssets/ModernOffice_Interior/Prefabs/Props/Cabinet_03_snaps001.prefab using Guid(52e174db68e69754b9b080b25a308977) Importer(815301076,1909f56bfc062723c751e8b465ee728b)  -> (artifact id: '86730e0951148245c5b7da0399a3c454') in 0.014079 seconds
  Import took 0.018193 seconds .

========================================================================
Received Import Request.
  Time since last request: 0.000178 seconds.
  path: Assets/AssetStoreOriginals/_SNAPS_PrototypingAssets/ModernOffice_Interior/Prefabs/Props/Meshes/StairCase_01_snaps001.asset
  artifactKey: Guid(819fe431b79562e4f877f2d457964c1d) Importer(815301076,1909f56bfc062723c751e8b465ee728b)
Start importing Assets/AssetStoreOriginals/_SNAPS_PrototypingAssets/ModernOffice_Interior/Prefabs/Props/Meshes/StairCase_01_snaps001.asset using Guid(819fe431b79562e4f877f2d457964c1d) Importer(815301076,1909f56bfc062723c751e8b465ee728b)  -> (artifact id: 'd36406aca09110cffca29b76aabe3c31') in 0.022121 seconds
  Import took 0.029573 seconds .

========================================================================
Received Import Request.
  Time since last request: 0.000385 seconds.
  path: Assets/AssetStoreOriginals/_SNAPS_PrototypingAssets/ModernOffice_Interior/Prefabs/SNAPS_NoHD/Meshes/StairCase_01_4m_Collider.asset
  artifactKey: Guid(044c4b404b5b2c041a8e65c42f022566) Importer(815301076,1909f56bfc062723c751e8b465ee728b)
Start importing Assets/AssetStoreOriginals/_SNAPS_PrototypingAssets/ModernOffice_Interior/Prefabs/SNAPS_NoHD/Meshes/StairCase_01_4m_Collider.asset using Guid(044c4b404b5b2c041a8e65c42f022566) Importer(815301076,1909f56bfc062723c751e8b465ee728b)  -> (artifact id: '76cd24157607e9ce93de3f72086bd4ec') in 0.035549 seconds
  Import took 0.041132 seconds .

========================================================================
Received Import Request.
  Time since last request: 0.000218 seconds.
  path: Assets/AssetStoreOriginals/_SNAPS_PrototypingAssets/ModernOffice_Interior/Prefabs/SNAPS_NoHD/StairCase_01_4m_snaps001.prefab
  artifactKey: Guid(5f52a5120f1de6d4b8a490f2646760f8) Importer(815301076,1909f56bfc062723c751e8b465ee728b)
Start importing Assets/AssetStoreOriginals/_SNAPS_PrototypingAssets/ModernOffice_Interior/Prefabs/SNAPS_NoHD/StairCase_01_4m_snaps001.prefab using Guid(5f52a5120f1de6d4b8a490f2646760f8) Importer(815301076,1909f56bfc062723c751e8b465ee728b)  -> (artifact id: '0791da7de201923b79f56847d0d63f0b') in 0.015638 seconds
  Import took 0.019375 seconds .

========================================================================
Received Import Request.
  Time since last request: 0.000205 seconds.
  path: Assets/AssetStoreOriginals/_SNAPS_PrototypingAssets/ModernOffice_Interior/Prefabs/SNAPS_NoHD/Meshes/StairCase_01_4m_snaps001.asset
  artifactKey: Guid(3ffc2678d7607124495fadcf0070a2b9) Importer(815301076,1909f56bfc062723c751e8b465ee728b)
Start importing Assets/AssetStoreOriginals/_SNAPS_PrototypingAssets/ModernOffice_Interior/Prefabs/SNAPS_NoHD/Meshes/StairCase_01_4m_snaps001.asset using Guid(3ffc2678d7607124495fadcf0070a2b9) Importer(815301076,1909f56bfc062723c751e8b465ee728b)  -> (artifact id: '7f02ce6d3fcf6c58bb21217553406e7c') in 0.019107 seconds
  Import took 0.075729 seconds .

========================================================================
Received Import Request.
  Time since last request: 0.000367 seconds.
  path: Assets/AssetStoreOriginals/_SNAPS_PrototypingAssets/ModernOffice_Interior/Prefabs/Props/Meshes/StairCase_01_Collider.asset
  artifactKey: Guid(b2b1ef5883ed21a419cabf971d227a7c) Importer(815301076,1909f56bfc062723c751e8b465ee728b)
Start importing Assets/AssetStoreOriginals/_SNAPS_PrototypingAssets/ModernOffice_Interior/Prefabs/Props/Meshes/StairCase_01_Collider.asset using Guid(b2b1ef5883ed21a419cabf971d227a7c) Importer(815301076,1909f56bfc062723c751e8b465ee728b)  -> (artifact id: 'cd2ad1d0866d136c9a4897569451018a') in 0.013570 seconds
  Import took 0.067555 seconds .

========================================================================
Received Import Request.
  Time since last request: 0.000282 seconds.
  path: Assets/AssetStoreOriginals/_SNAPS_PrototypingAssets/ModernOffice_Interior/Prefabs/Props/Meshes/Cabinet_02_snaps001.asset
  artifactKey: Guid(32c52341da320ff498bc99423fd2b8e3) Importer(815301076,1909f56bfc062723c751e8b465ee728b)
Start importing Assets/AssetStoreOriginals/_SNAPS_PrototypingAssets/ModernOffice_Interior/Prefabs/Props/Meshes/Cabinet_02_snaps001.asset using Guid(32c52341da320ff498bc99423fd2b8e3) Importer(815301076,1909f56bfc062723c751e8b465ee728b)  -> (artifact id: '1ceea6d42dc1924b8702b5fc1117113e') in 0.011904 seconds
  Import took 0.018268 seconds .

========================================================================
Received Import Request.
  Time since last request: 0.000242 seconds.
  path: Assets/AssetStoreOriginals/_SNAPS_PrototypingAssets/ModernOffice_Interior/Prefabs/Props/Cabinet_02_snaps001.prefab
  artifactKey: Guid(eab9a1e97bf14904698f6ed18fd7e3e2) Importer(815301076,1909f56bfc062723c751e8b465ee728b)
Start importing Assets/AssetStoreOriginals/_SNAPS_PrototypingAssets/ModernOffice_Interior/Prefabs/Props/Cabinet_02_snaps001.prefab using Guid(eab9a1e97bf14904698f6ed18fd7e3e2) Importer(815301076,1909f56bfc062723c751e8b465ee728b)  -> (artifact id: '5d7517e2ec323eea2f185b1adf22b61d') in 0.014001 seconds
  Import took 0.019179 seconds .

========================================================================
Received Import Request.
  Time since last request: 0.000174 seconds.
  path: Assets/AssetStoreOriginals/_SNAPS_PrototypingAssets/ModernOffice_Interior/Prefabs/Props/StairCase_01_snaps001.prefab
  artifactKey: Guid(36d22ed5102e16246b559668ee32f0f9) Importer(815301076,1909f56bfc062723c751e8b465ee728b)
Start importing Assets/AssetStoreOriginals/_SNAPS_PrototypingAssets/ModernOffice_Interior/Prefabs/Props/StairCase_01_snaps001.prefab using Guid(36d22ed5102e16246b559668ee32f0f9) Importer(815301076,1909f56bfc062723c751e8b465ee728b)  -> (artifact id: '67bfafe94c17995495854b371ceca5f8') in 0.021953 seconds
  Import took 0.078888 seconds .

========================================================================
Received Import Request.
  Time since last request: 0.000623 seconds.
  path: Assets/AssetStoreOriginals/_SNAPS_PrototypingAssets/ModernOffice_Interior/Prefabs/Props/Meshes/Cabinet_03_snaps001.asset
  artifactKey: Guid(94d24dcd7a8b5c14086fd8d57164decf) Importer(815301076,1909f56bfc062723c751e8b465ee728b)
Start importing Assets/AssetStoreOriginals/_SNAPS_PrototypingAssets/ModernOffice_Interior/Prefabs/Props/Meshes/Cabinet_03_snaps001.asset using Guid(94d24dcd7a8b5c14086fd8d57164decf) Importer(815301076,1909f56bfc062723c751e8b465ee728b)  -> (artifact id: 'a56a545924c27109955a026f64dfb47c') in 0.013686 seconds
  Import took 0.021189 seconds .

========================================================================
Received Prepare
Registering precompiled user dll's ...
Registered in 0.001905 seconds.
Begin MonoManager ReloadAssembly
Native extension for WindowsStandalone target not found
Native extension for WebGL target not found
Refreshing native plugins compatible for Editor in 0.71 ms, found 0 plugins.
Preloading 0 native plugins for Editor in 0.00 ms.
Warning: Annotation not found!
UnityEngine.StackTraceUtility:ExtractStackTrace ()
UnityEditor.ProBuilder.EditorUtility:SetGizmoIconEnabled (System.Type,bool) (at Library/PackageCache/com.unity.probuilder@5.0.3/Editor/EditorCore/EditorUtility.cs:575)
UnityEditor.ProBuilder.HierarchyListener:.cctor () (at Library/PackageCache/com.unity.probuilder@5.0.3/Editor/EditorCore/HierarchyListener.cs:21)
System.Runtime.CompilerServices.RuntimeHelpers:RunClassConstructor (System.RuntimeTypeHandle)
UnityEditor.EditorAssemblies:ProcessInitializeOnLoadAttributes (System.Type[])

[Library/PackageCache/com.unity.probuilder@5.0.3/Editor/EditorCore/EditorUtility.cs line 575]

Mono: successfully reloaded assembly
- Completed reload, in  0.992 seconds
Platform modules already initialized, skipping
Refreshing native plugins compatible for Editor in 0.82 ms, found 0 plugins.
Preloading 0 native plugins for Editor in 0.00 ms.
Unloading 2110 Unused Serialized files (Serialized files now loaded: 0)
System memory in use before: 94.1 MB.
System memory in use after: 94.2 MB.

Unloading 45 unused Assets to reduce memory usage. Loaded Objects now: 2628.
Total: 6.210700 ms (FindLiveObjects: 0.249600 ms CreateObjectMapping: 0.135400 ms MarkObjects: 5.710900 ms  DeleteObjects: 0.113500 ms)

========================================================================
Received Prepare
Registering precompiled user dll's ...
Registered in 0.001642 seconds.
Begin MonoManager ReloadAssembly
Native extension for WindowsStandalone target not found
Native extension for WebGL target not found
Refreshing native plugins compatible for Editor in 1.32 ms, found 0 plugins.
Preloading 0 native plugins for Editor in 0.00 ms.
Warning: Annotation not found!
UnityEngine.StackTraceUtility:ExtractStackTrace ()
UnityEditor.ProBuilder.EditorUtility:SetGizmoIconEnabled (System.Type,bool) (at Library/PackageCache/com.unity.probuilder@5.0.3/Editor/EditorCore/EditorUtility.cs:575)
UnityEditor.ProBuilder.HierarchyListener:.cctor () (at Library/PackageCache/com.unity.probuilder@5.0.3/Editor/EditorCore/HierarchyListener.cs:21)
System.Runtime.CompilerServices.RuntimeHelpers:RunClassConstructor (System.RuntimeTypeHandle)
UnityEditor.EditorAssemblies:ProcessInitializeOnLoadAttributes (System.Type[])

[Library/PackageCache/com.unity.probuilder@5.0.3/Editor/EditorCore/EditorUtility.cs line 575]

Mono: successfully reloaded assembly
- Completed reload, in  1.087 seconds
Platform modules already initialized, skipping
Refreshing native plugins compatible for Editor in 0.79 ms, found 0 plugins.
Preloading 0 native plugins for Editor in 0.00 ms.
Unloading 2110 Unused Serialized files (Serialized files now loaded: 0)
System memory in use before: 94.1 MB.
System memory in use after: 94.2 MB.

Unloading 41 unused Assets to reduce memory usage. Loaded Objects now: 2631.
Total: 6.115900 ms (FindLiveObjects: 0.273000 ms CreateObjectMapping: 0.098400 ms MarkObjects: 5.633100 ms  DeleteObjects: 0.110300 ms)

========================================================================
Received Prepare
Registering precompiled user dll's ...
Registered in 0.001809 seconds.
Begin MonoManager ReloadAssembly
Native extension for WindowsStandalone target not found
Native extension for WebGL target not found
Refreshing native plugins compatible for Editor in 0.72 ms, found 0 plugins.
Preloading 0 native plugins for Editor in 0.00 ms.
Warning: Annotation not found!
UnityEngine.StackTraceUtility:ExtractStackTrace ()
UnityEditor.ProBuilder.EditorUtility:SetGizmoIconEnabled (System.Type,bool) (at Library/PackageCache/com.unity.probuilder@5.0.3/Editor/EditorCore/EditorUtility.cs:575)
UnityEditor.ProBuilder.HierarchyListener:.cctor () (at Library/PackageCache/com.unity.probuilder@5.0.3/Editor/EditorCore/HierarchyListener.cs:21)
System.Runtime.CompilerServices.RuntimeHelpers:RunClassConstructor (System.RuntimeTypeHandle)
UnityEditor.EditorAssemblies:ProcessInitializeOnLoadAttributes (System.Type[])

[Library/PackageCache/com.unity.probuilder@5.0.3/Editor/EditorCore/EditorUtility.cs line 575]

Mono: successfully reloaded assembly
- Completed reload, in  0.914 seconds
Platform modules already initialized, skipping
Refreshing native plugins compatible for Editor in 0.96 ms, found 0 plugins.
Preloading 0 native plugins for Editor in 0.00 ms.
Unloading 2110 Unused Serialized files (Serialized files now loaded: 0)
System memory in use before: 94.2 MB.
System memory in use after: 94.2 MB.

Unloading 41 unused Assets to reduce memory usage. Loaded Objects now: 2634.
Total: 5.908600 ms (FindLiveObjects: 0.234300 ms CreateObjectMapping: 0.099300 ms MarkObjects: 5.462400 ms  DeleteObjects: 0.111700 ms)

========================================================================
Received Prepare
Registering precompiled user dll's ...
Registered in 0.003058 seconds.
Begin MonoManager ReloadAssembly
Native extension for WindowsStandalone target not found
Native extension for WebGL target not found
Refreshing native plugins compatible for Editor in 0.76 ms, found 0 plugins.
Preloading 0 native plugins for Editor in 0.00 ms.
Warning: Annotation not found!
UnityEngine.StackTraceUtility:ExtractStackTrace ()
UnityEditor.ProBuilder.EditorUtility:SetGizmoIconEnabled (System.Type,bool) (at Library/PackageCache/com.unity.probuilder@5.0.3/Editor/EditorCore/EditorUtility.cs:575)
UnityEditor.ProBuilder.HierarchyListener:.cctor () (at Library/PackageCache/com.unity.probuilder@5.0.3/Editor/EditorCore/HierarchyListener.cs:21)
System.Runtime.CompilerServices.RuntimeHelpers:RunClassConstructor (System.RuntimeTypeHandle)
UnityEditor.EditorAssemblies:ProcessInitializeOnLoadAttributes (System.Type[])

[Library/PackageCache/com.unity.probuilder@5.0.3/Editor/EditorCore/EditorUtility.cs line 575]

Mono: successfully reloaded assembly
- Completed reload, in  0.996 seconds
Platform modules already initialized, skipping
Refreshing native plugins compatible for Editor in 0.77 ms, found 0 plugins.
Preloading 0 native plugins for Editor in 0.00 ms.
Unloading 2110 Unused Serialized files (Serialized files now loaded: 0)
System memory in use before: 94.2 MB.
System memory in use after: 94.2 MB.

Unloading 41 unused Assets to reduce memory usage. Loaded Objects now: 2637.
Total: 5.585000 ms (FindLiveObjects: 0.232800 ms CreateObjectMapping: 0.103700 ms MarkObjects: 5.149000 ms  DeleteObjects: 0.098600 ms)

========================================================================
Received Prepare
Registering precompiled user dll's ...
Registered in 0.001892 seconds.
Begin MonoManager ReloadAssembly
Native extension for WindowsStandalone target not found
Native extension for WebGL target not found
Refreshing native plugins compatible for Editor in 0.71 ms, found 0 plugins.
Preloading 0 native plugins for Editor in 0.00 ms.
Warning: Annotation not found!
UnityEngine.StackTraceUtility:ExtractStackTrace ()
UnityEditor.ProBuilder.EditorUtility:SetGizmoIconEnabled (System.Type,bool) (at Library/PackageCache/com.unity.probuilder@5.0.3/Editor/EditorCore/EditorUtility.cs:575)
UnityEditor.ProBuilder.HierarchyListener:.cctor () (at Library/PackageCache/com.unity.probuilder@5.0.3/Editor/EditorCore/HierarchyListener.cs:21)
System.Runtime.CompilerServices.RuntimeHelpers:RunClassConstructor (System.RuntimeTypeHandle)
UnityEditor.EditorAssemblies:ProcessInitializeOnLoadAttributes (System.Type[])

[Library/PackageCache/com.unity.probuilder@5.0.3/Editor/EditorCore/EditorUtility.cs line 575]

Mono: successfully reloaded assembly
- Completed reload, in  0.912 seconds
Platform modules already initialized, skipping
Refreshing native plugins compatible for Editor in 0.87 ms, found 0 plugins.
Preloading 0 native plugins for Editor in 0.00 ms.
Unloading 2110 Unused Serialized files (Serialized files now loaded: 0)
System memory in use before: 94.2 MB.
System memory in use after: 94.3 MB.

Unloading 41 unused Assets to reduce memory usage. Loaded Objects now: 2640.
Total: 7.165100 ms (FindLiveObjects: 0.651900 ms CreateObjectMapping: 0.229600 ms MarkObjects: 6.160700 ms  DeleteObjects: 0.121300 ms)

